1630084978942	geckodriver	INFO	Listening on 127.0.0.1:52432
1630084982021	mozrunner::runner	INFO	Running command: "C:\\Program Files (x86)\\Mozilla Firefox\\firefox.exe" "--marionette" "-foreground" "-no-remote" "-profile" "C:\\Users\\SAMSUNG\\AppData\\Local\\Temp\\rust_mozprofile8K7QjX"
1630084984468	Marionette	INFO	Marionette enabled
console.warn: SearchSettings: "get: No settings file exists, new profile?" (new NotFoundError("Could not open the file at C:\\Users\\SAMSUNG\\AppData\\Local\\Temp\\rust_mozprofile8K7QjX\\search.json.mozlz4", (void 0)))
console.error: Region.jsm: "Error fetching region" (new TypeError("NetworkError when attempting to fetch resource.", ""))
console.error: Region.jsm: "Failed to fetch region" (new Error("NO_RESULT", "resource://gre/modules/Region.jsm", 419))
1630084996187	Marionette	INFO	Listening on port 52440
1630084996538	RemoteAgent	WARN	TLS certificate errors will be ignored for this session
1630085057192	Marionette	INFO	Stopped listening on port 52440
JavaScript error: resource:///modules/Interactions.jsm, line 209: NS_ERROR_FAILURE: Component returned failure code: 0x80004005 (NS_ERROR_FAILURE) [nsIUserIdleService.removeIdleObserver]
1630085058091	geckodriver	INFO	Listening on 127.0.0.1:52458
1630085061167	mozrunner::runner	INFO	Running command: "C:\\Program Files (x86)\\Mozilla Firefox\\firefox.exe" "--marionette" "-foreground" "-no-remote" "-profile" "C:\\Users\\SAMSUNG\\AppData\\Local\\Temp\\rust_mozprofileUcgKsn"
1630085063553	Marionette	INFO	Marionette enabled
console.warn: SearchSettings: "get: No settings file exists, new profile?" (new NotFoundError("Could not open the file at C:\\Users\\SAMSUNG\\AppData\\Local\\Temp\\rust_mozprofileUcgKsn\\search.json.mozlz4", (void 0)))
console.error: Region.jsm: "Error fetching region" (new TypeError("NetworkError when attempting to fetch resource.", ""))
console.error: Region.jsm: "Failed to fetch region" (new Error("NO_RESULT", "resource://gre/modules/Region.jsm", 419))
1630085075448	Marionette	INFO	Listening on port 52466
1630085075662	RemoteAgent	WARN	TLS certificate errors will be ignored for this session
1630085143589	Marionette	INFO	Stopped listening on port 52466
JavaScript error: resource:///modules/Interactions.jsm, line 209: NS_ERROR_FAILURE: Component returned failure code: 0x80004005 (NS_ERROR_FAILURE) [nsIUserIdleService.removeIdleObserver]
1630085144578	geckodriver	INFO	Listening on 127.0.0.1:52483
1630085147647	mozrunner::runner	INFO	Running command: "C:\\Program Files (x86)\\Mozilla Firefox\\firefox.exe" "--marionette" "-foreground" "-no-remote" "-profile" "C:\\Users\\SAMSUNG\\AppData\\Local\\Temp\\rust_mozprofileuvPglZ"
1630085150202	Marionette	INFO	Marionette enabled
console.warn: SearchSettings: "get: No settings file exists, new profile?" (new NotFoundError("Could not open the file at C:\\Users\\SAMSUNG\\AppData\\Local\\Temp\\rust_mozprofileuvPglZ\\search.json.mozlz4", (void 0)))
console.error: Region.jsm: "Error fetching region" (new TypeError("NetworkError when attempting to fetch resource.", ""))
console.error: Region.jsm: "Failed to fetch region" (new Error("NO_RESULT", "resource://gre/modules/Region.jsm", 419))
1630085162684	Marionette	INFO	Listening on port 52491
1630085162848	RemoteAgent	WARN	TLS certificate errors will be ignored for this session
1630085243868	Marionette	INFO	Stopped listening on port 52491630085245642	mozrunner::runner	INFO	Running command: "C:\\Program Files (x86)\\Mozilla Firefox\\firefox.exe" "--marionette" "-foreground" "-no-remote" "-profile" "C:\\Users\\SAMSUNG\\AppData\\Local\\Temp\\rust_mozprofileOX5I9z"
1630085248259	Marionette	INFO	Marionette enabled
console.warn: SearchSettings: "get: No settings file exists, new profile?" (new NotFoundError("Could not open the file at C:\\Users\\SAMSUNG\\AppData\\Local\\Temp\\rust_mozprofileOX5I9z\\search.json.mozlz4", (void 0)))
console.error: Region.jsm: "Error fetching region" (new TypeError("NetworkError when attempting to fetch resource.", ""))
console.error: Region.jsm: "Failed to fetch region" (new Error("NO_RESULT", "resource://gre/modules/Region.jsm", 419))
1630085262080	Marionette	INFO	Listening on port 52517
1630085262616	RemoteAgent	WARN	TLS certificate errors will be ignored for this session
1630085402966	Marionette	INFO	Stopped listening on port 52517
JavaScript error: resource:///modules/Interactions.jsm, line 209: NS_ERROR_FAILURE: Component returned failure code: 0x80004005 (NS_ERROR_FAILURE) [nsIUserIdleService.removeIdleObserver]
\\Local\\Temp\\rust_mozprofileIjqBre"
1630085401434	Marionette	INFO	Marionette enabled
console.warn: SearchSettings: "get: No settings file exists, new profile?" (new NotFoundError("Could not open the file at C:\\Users\\SAMSUNG\\AppData\\Local\\Temp\\rust_mozprofileIjqBre\\search.json.mozlz4", (void 0)))
console.error: Region.jsm: "Error fetching region" (new TypeError("NetworkError when attempting to fetch resource.", ""))
console.error: Region.jsm: "Failed to fetch region" (new Error("NO_RESULT", "resource://gre/modules/Region.jsm", 419))
1630085416817	Marionette	INFO	Listening on port 52543
1630085417230	RemoteAgent	WARN	TLS certificate errors will be ignored for this session
1630085448198	Marionette	INFO	Stopped listening on port 52543
JavaScript error: resource:///modules/Interactions.jsm, line 209: NS_ERROR_FAILURE: Component returned failure code: 0x80004005 (NS_ERROR_FAILURE) [nsIUserIdleService.removeIdleObserver]
1630085472877	geckodriver	INFO	Listening on 127.0.0.1:52564
1630085475959	mozrunner::runner	INFO	Running command: "C:\\Program Files (x86)\\Mozilla Firefox\\firefox.exe" "--marionette" "-foreground" "-no-remote" "-profile" "C:\\Users\\SAMSUNG\\AppData\\Local\\Temp\\rust_mozprofileki0Hsz"
1630085478279	Marionette	INFO	Marionette enabled
console.warn: SearchSettings: "get: No settings file exists, new profile?" (new NotFoundError("Could not open the file at C:\\Users\\SAMSUNG\\AppData\\Local\\Temp\\rust_mozprofileki0Hsz\\search.json.mozlz4", (void 0)))
console.error: Region.jsm: "Error fetching region" (new TypeError("NetworkError when attempting to fetch resource.", ""))
console.error: Region.jsm: "Failed to fetch region" (new Error("NO_RESULT", "resource://gre/modules/Region.jsm", 419))
1630085489866	Marionette	INFO	Listening on port 52572
1630085490213	RemoteAgent	WARN	TLS certificate errors will be ignored for this session
1630085543702	Marionette	INFO	Stopped listening on port 52572
JavaScript error: resource:///modules/Interactions.jsm, line 209: NS_ERROR_FAILURE: Component returned failure code: 0x80004005 (NS_ERROR_FAILURE) [nsIUserIdleService.removeIdleObserver]

###!!! [Child][MessageChannel] Error: (msgtype=0x3900E5,name=PContent::Msg_GraphicsErrconsole.warn: SearchSettings: "get: No settings file exists, new profile?" (new NotFoundError("Could not open the file at C:\\Users\\SAMSUNG\\AppData\\Local\\Temp\\rust_mozprofile0oqxyK\\search.json.mozlz4", (void 0)))
console.error: Region.jsm: "Error fetching region" (new TypeError("NetworkError when attempting to fetch resource.", ""))
console.error: Region.jsm: "Failed to fetch region" (new Error("NO_RESULT", "resource://gre/modules/Region.jsm", 419))
1630085559688	Marionette	INFO	Listening on port 52597
1630085559944	RemoteAgent	WARN	TLS certificate errors will be ignored for this session
1630085589781	Marionette	INFO	Stopped listening on port 52597
JavaScript error: resource:///modules/Interactions.jsm, line 209: NS_ERROR_FAILURE: Component returned failure code: 0x80004005 (NS_ERROR_FAILURE) [nsIUserIdleService.removeIdleObserver]
\\Local\\Temp\\rust_mozprofiledsdcUy"
1630085588762	Marionette	INFO	Marionette enabled
console.warn: SearchSettings: "get: No settings file exists, new profile?" (new NotFoundError("Could not open the file at C:\\Users\\SAMSUNG\\AppData\\Local\\Temp\\rust_mozprofiledsdcUy\\search.json.mozlz4", (void 0)))
console.error: Region.jsm: "Error fetching region" (new TypeError("NetworkError when attempting to fetch resource.", ""))
console.error: Region.jsm: "Failed to fetch region" (new Error("NO_RESULT", "resource://gre/modules/Region.jsm", 419))
1630085606383	Marionette	INFO	Listening on port 52625
1630085606879	RemoteAgent	WARN	TLS certificate errors will be ignored for this session
1630085689074	geckodriver	INFO	Listening on 127.0.0.1:52647
1630085692170	mozrunner::runner	INFO	Running command: "C:\\Program Files (x86)\\Mozilla Firefox\\firefox.exe" "--marionette" "-foreground" "-no-remote" "-profile" "C:\\Users\\SAMSUNG\\AppData\\Local\\Temp\\rust_mozprofile20luCA"
1630085694411	Marionette	INFO	Marionette enabled
console.warn: SearchSettings: "get: No settings file exists, new profile?" (new NotFoundError("Could not open the file at C:\\Users\\SAMSUNG\\AppData\\Local\\Temp\\rust_mozprofile20luCA\\search.json.mozlz4", (void 0)))
console.error: Region.jsm: "Error fetching region" (new TypeError("NetworkError when attempting to fetch resource.", ""))
console.error: Region.jsm: "Failed to fetch region" (new Error("NO_RESULT", "resource://gre/modules/Region.jsm", 419))
1630085707032	Marionette	INFO	Listening on port 52655
1630085707415	RemoteAgent	WARN	TLS certificate errors will be ignored for this session
JavaScript error: resource://gre/actors/AutoCompleteChild.jsm, line 125: Error: Invalid autocomplete selectedIndex
1630086016295	Marionette	INFO	Stopped listening on port 52655
JavaScript error: resource:///modules/Interactions.jsm, line 209: NS_ERROR_FAILURE: Component returned failure code: 0x80004005 (NS_ERROR_FAILURE) [nsIUserIdleService.removeIdleObserver]
1630114035144	geckodriver	INFO	Listening on 127.0.0.1:52683
1630114038192	mozrunner::runner	INFO	Running command: "C:\\Program Files (x86)\\Mozilla Firefox\\firefox.exe" "--marionette" "-foreground" "-no-remote" "-profile" "C:\\Users\\SAMSUNG\\AppData\\Local\\Temp\\rust_mozprofilerpqgsV"
1630114041639	Marionette	INFO	Marionette enabled
console.warn: SearchSettings: "get: No settings file exists, new profile?" (new NotFoundError("Could not open the file at C:\\Users\\SAMSUNG\\AppData\\Local\\Temp\\rust_mozprofilerpqgsV\\search.json.mozlz4", (void 0)))
console.error: Region.jsm: "Error fetching region" (new TypeError("NetworkError when attempting to fetch resource.", ""))
console.error: Region.jsm: "Failed to fetch region" (new Error("NO_RESULT", "resource://gre/modules/Region.jsm", 419))
1630114054722	Marionette	INFO	Listening on port 52691
1630114055408	RemoteAgent	WARN	TLS certificate errors will be ignored for this session
1630114123438	Marionette	INFO	Stopped listening on port 52691
JavaScript error: resource:///modules/Interactions.jsm, line 209: NS_ERROR_FAILURE: Component returned failure code: 0x80004005 (NS_ERROR_FAILURE) [nsIUserIdleService.removeIdleObserver]
\\Local\\Temp\\rust_mozprofilenMmjG7"
1630114085887	Marionette	INFO	Marionette enabled
console.warn: SearchSettings: "get: No settings file exists, new profile?" (new NotFoundError("Could not open the file at C:\\Users\\SAMSUNG\\AppData\\Local\\Temp\\rust_mozprofilenMmjG7\\search.json.mozlz4", (void 0)))
console.error: Region.jsm: "Error fetching region" (new TypeError("NetworkError when attempting to fetch resource.", ""))
console.error: Region.jsm: "Failed to fetch region" (new Error("NO_RESULT", "resource://gre/modules/Region.jsm", 419))
1630114098637	Marionette	INFO	Listening on port 52718
1630114099337	RemoteAgent	WARN	TLS certificate errors will be ignored for this session
1630114124206	Marionette	INFO	Stopped listening on port 52718
JavaScript error: resource:///modules/Interactions.jsm, line 209: NS_ERROR_FAILURE: Component returned failure code: 0x80004005 (NS_ERROR_FAILURE) [nsIUserIdleService.removeIdleObserver]
\\Local\\Temp\\rust_mozprofileEHY0XO"
1630114125563	Marionette	INFO	Marionette enabled
console.warn: SearchSettings: "get: No settings file exists, new profile?" (new NotFoundError("Could not open the file at C:\\Users\\SAMSUNG\\AppData\\Local\\Temp\\rust_mozprofileEHY0XO\\search.json.mozlz4", (void 0)))
console.error: Region.jsm: "Error fetching region" (new TypeError("NetworkError when attempting to fetch resource.", ""))
console.error: Region.jsm: "Failed to fetch region" (new Error("NO_RESULT", "resource://gre/modules/Region.jsm", 419))
1630114139449	Marionette	INFO	Listening on port 52744
1630114139956	RemoteAgent	WARN	TLS certificate errors will be ignored for this session
1630114286432	Marionette	INFO	Stopped listening on port 52741630114289009	mozrunner::runner	INFO	Running command: "C:\\Program Files (x86)\\Mozilla Firefox\\firefox.exe" "--marionette" "-foreground" "-no-remote" "-profile" "C:\\Users\\SAMSUNG\\AppData\\Local\\Temp\\rust_mozprofile14wKAA"
1630114291318	Marionette	INFO	Marionette enabled
console.warn: SearchSettings: "get: No settings file exists, new profile?" (new NotFoundError("Could not open the file at C:\\Users\\SAMSUNG\\AppData\\Local\\Temp\\rust_mozprofile14wKAA\\search.json.mozlz4", (void 0)))
console.error: Region.jsm: "Error fetching region" (new TypeError("NetworkError when attempting to fetch resource.", ""))
console.error: Region.jsm: "Failed to fetch region" (new Error("NO_RESULT", "resource://gre/modules/Region.jsm", 419))
1630114303954	Marionette	INFO	Listening on port 52772
1630114304581	RemoteAgent	WARN	TLS certificate errors will be ignored for this session
1630114401833	Marionette	INFO	Stopped listening on port 52772
JavaScript error: resource:///modules/Interactions.jsm, line 209: NS_ERROR_FAILURE: Component returned failure code: 0x80004005 (NS_ERROR_FAILURE) [nsIUserIdleService.removeIdleObserver]
\\Local\\Temp\\rust_mozprofilevXazLn"
1630114339445	Marionette	INFO	Marionette enabled
console.warn: SearchSettings: "get: No settings file exists, new profile?" (new NotFoundError("Could not open the file at C:\\Users\\SAMSUNG\\AppData\\Local\\Temp\\rust_mozprofilevXazLn\\search.json.mozlz4", (void 0)))
console.error: Region.jsm: "Error fetching region" (new TypeError("NetworkError when attempting to fetch resource.", ""))
console.error: Region.jsm: "Failed to fetch region" (new Error("NO_RESULT", "resource://gre/modules/Region.jsm", 419))
1630114354519	Marionette	INFO	Listening on port 52798
1630114354883	RemoteAgent	WARN	TLS certificate errors will be ignored for this session
1630114403025	Marionette	INFO	Stopped listening on port 52798
JavaScript error: resource:///modules/Interactions.jsm, line 209: NS_ERROR_FAILURE: Component returned failure code: 0x80004005 (NS_ERROR_FAILURE) [nsIUserIdleService.removeIdleObserver]
1630114406701	geckodriver	INFO	Listening on 127.0.0.1:52817
1630114409770	mozrunner::runner	INFO	Running command: "C:\\Program Files (x86)\\Mozilla Firefox\\firefox.exe" "--marionette" "-foreground" "-no-remote" "-profile" "C:\\Users\\SAMSUNG\\AppData\\Local\\Temp\\rust_mozprofilelrlkLp"
1630114412115	Marionette	INFO	Marionette enabled
console.warn: SearchSettings: "get: No settings file exists, new profile?" (new NotFoundError("Could not open the file at C:\\Users\\SAMSUNG\\AppData\\Local\\Temp\\rust_mozprofilelrlkLp\\search.json.mozlz4", (void 0)))
console.error: Region.jsm: "Error fetching region" (new TypeError("NetworkError when attempting to fetch resource.", ""))
console.error: Region.jsm: "Failed to fetch region" (new Error("NO_RESULT", "resource://gre/modules/Region.jsm", 419))
1630114423719	Marionette	INFO	Listening on port 52825
1630114424066	RemoteAgent	WARN	TLS certificate errors will be ignored for this session
1630114648002	Marionette	INFO	Stopped listening on port 52825
JavaScript error: resource:///modules/Interactions.jsm, line 209: NS_ERROR_FAILURE: Component returned failure code: 0x80004005 (NS_ERROR_FAILURE) [nsIUserIdleService.removeIdleObserver]
\\Local\\Temp\\rust_mozprofileElaLIX"
1630114486251	Marionette	INFO	Marionette enabled
console.warn: SearchSettings: "get: No settings file exists, new profile?" (new NotFoundError("Could not open the file at C:\\Users\\SAMSUNG\\AppData\\Local\\Temp\\rust_mozprofileElaLIX\\search.json.mozlz4", (void 0)))
console.error: Region.jsm: "Error fetching region" (new TypeError("NetworkError when attempting to fetch resource.", ""))
console.error: Region.jsm: "Failed to fetch region" (new Error("NO_RESULT", "resource://gre/modules/Region.jsm", 419))
1630114499061	Marionette	INFO	Listening on port 52850
1630114499534	RemoteAgent	WARN	TLS certificate errors will be ignored for this session
1630114649012	Marionette	INFO	Stopped listening on port 52850
JavaScript error: resource:///modules/Interactions.jsm, line 209: NS_ERROR_FAILURE: Component returned failure code: 0x80004005 (NS_ERROR_FAILURE) [nsIUserIdleService.removeIdleObserver]
1630114978357	geckodriver	INFO	Listening on 127.0.0.1:52868
1630114981442	mozrunner::runner	INFO	Running command: "C:\\Program Files (x86)\\Mozilla Firefox\\firefox.exe" "--marionette" "-foreground" "-no-remote" "-profile" "C:\\Users\\SAMSUNG\\AppData\\Local\\Temp\\rust_mozprofilepPP1wG"
1630114983793	Marionette	INFO	Marionette enabled
console.warn: SearchSettings: "get: No settings file exists, new profile?" (new NotFoundError("Could not open the file at C:\\Users\\SAMSUNG\\AppData\\Local\\Temp\\rust_mozprofilepPP1wG\\search.json.mozlz4", (void 0)))
console.error: Region.jsm: "Error fetching region" (new TypeError("NetworkError when attempting to fetch resource.", ""))
console.error: Region.jsm: "Failed to fetch region" (new Error("NO_RESULT", "resource://gre/modules/Region.jsm", 419))
1630114997108	Marionette	INFO	Listening on port 52876
1630114997699	RemoteAgent	WARN	TLS certificate errors will be ignored for this session
1630115058787	Marionette	INFO	Stopped listening on port 52876
JavaScript error: resource:///modules/Interactions.jsm, line 209: NS_ERROR_FAILURE: Component returned failure code: 0x80004005 (NS_ERROR_FAILURE) [nsIUserIdleService.removeIdleObserver]

###!!! [Parent][RunMessage] Error: Channel closing: too late to send/recv, messages will be lost

1630115115880	geckodriver	INFO	Listening on 127.0.0.1:52894
1630115118952	mozrunner::runner	INFO	Running command: "C:\\Program Files (x86)\\Mozilla Firefox\\firefox.exe" "--marionette" "-foreground" "-no-remote" "-profile" "C:\\Users\\SAMSUNG\\AppData\\Local\\Temp\\rust_mozprofileRvYX8B"
1630115121299	Marionette	INFO	Marionette enabled
console.warn: SearchSettings: "get: No settings file exists, new profile?" (new NotFoundError("Could not open the file at C:\\Users\\SAMSUNG\\AppData\\Local\\Temp\\rust_mozprofileRvYX8B\\search.json.mozlz4", (void 0)))
console.error: Region.jsm: "Error fetching region" (new TypeError("NetworkError when attempting to fetch resource.", ""))
console.error: Region.jsm: "Failed to fetch region" (new Error("NO_RESULT", "resource://gre/modules/Region.jsm", 419))
1630115132823	Marionette	INFO	Listening on port 52902
1630115133216	RemoteAgent	WARN	TLS certificate errors will be ignored for this session
1630115163981	Marionette	INFO	Stopped listening on port 52902
JavaScript error: resource:///modules/Interactions.jsm, line 209: NS_ERROR_FAILURE: Component returned failure code: 0x80004005 (NS_ERROR_FAILURE) [nsIUserIdleService.removeIdleObserver]
1630115165620	geckodriver	INFO	Listening on 127.0.0.1:52919
1630115168631	mozrunner::runner	INFO	Running command: "C:\\Program Files (x86)\\Mozilla Firefox\\firefox.exe" "--marionette" "-foreground" "-no-remote" "-profile" "C:\\Users\\SAMSUNG\\AppData\\Local\\Temp\\rust_mozprofilesODYis"
1630115172666	Marionette	INFO	Marionette enabled
console.warn: SearchSettings: "get: No settings file exists, new profile?" (new NotFoundError("Could not open the file at C:\\Users\\SAMSUNG\\AppData\\Local\\Temp\\rust_mozprofilesODYis\\search.json.mozlz4", (void 0)))
console.error: Region.jsm: "Error fetching region" (new TypeError("NetworkError when attempting to fetch resource.", ""))
console.error: Region.jsm: "Failed to fetch region" (new Error("NO_RESULT", "resource://gre/modules/Region.jsm", 419))
1630115188118	Marionette	INFO	Listening on port 52927
1630115188637	RemoteAgent	WARN	TLS certificate errors will be ignored for this session
1630115213114	Marionette	INFO	Stopped listening on port 52927
JavaScript error: resource:///modules/Interactions.jsm, line 209: NS_ERROR_FAILURE: Component returned failure code: 0x80004005 (NS_ERROR_FAILURE) [nsIUserIdleService.removeIdleObserver]
1630115230247	geckodriver	INFO	Listening on 127.0.0.1:52966
1630115233330	mozrunner::runner	INFO	Running command: "C:\\Program Files (x86)\\Mozilla Firefox\\firefox.exe" "--marionette" "-foreground" "-no-remote" "-profile" "C:\\Users\\SAMSUNG\\AppData\\Local\\Temp\\rust_mozprofileUi1Uqt"
1630115235838	Marionette	INFO	Marionette enabled
console.warn: SearchSettings: "get: No settings file exists, new profile?" (new NotFoundError("Could not open the file at C:\\Users\\SAMSUNG\\AppData\\Local\\Temp\\rust_mozprofileUi1Uqt\\search.json.mozlz4", (void 0)))
console.error: Region.jsm: "Error fetching region" (new TypeError("NetworkError when attempting to fetch resource.", ""))
console.error: Region.jsm: "Failed to fetch region" (new Error("NO_RESULT", "resource://gre/modules/Region.jsm", 419))
1630115248867	Marionette	INFO	Listening on port 52974
1630115249429	RemoteAgent	WARN	TLS certificate errors will be ignored for this session
1630115745960	addons.xpi	ERROR	System addon update list error Error: Failed downloading XML, status: 0, reason: error
JavaScript error: , line 0: NS_ERROR_NOT_AVAILABLE
1630116160968	Marionette	INFO	Stopped listening on port 52974
JavaScript error: resource:///modules/Interactions.jsm, line 209: NS_ERROR_FAILURE: Component returned failure code: 0x80004005 (NS_ERROR_FAILURE) [nsIUserIdleService.removeIdleObserver]
1630116164116	geckodriver	INFO	Listening on 127.0.0.1:52992
1630116167182	mozrunner::runner	INFO	Running command: "C:\\Program Files (x86)\\Mozilla Firefox\\firefox.exe" "--marionette" "-foreground" "-no-remote" "-profile" "C:\\Users\\SAMSUNG\\AppData\\Local\\Temp\\rust_mozprofile2shE9h"
1630116169864	Marionette	INFO	Marionette enabled
console.warn: SearchSettings: "get: No settings file exists, new profile?" (new NotFoundError("Could not open the file at C:\\Users\\SAMSUNG\\AppData\\Local\\Temp\\rust_mozprofile2shE9h\\search.json.mozlz4", (void 0)))
console.error: Region.jsm: "Error fetching region" (new TypeError("NetworkError when attempting to fetch resource.", ""))
console.error: Region.jsm: "Failed to fetch region" (new Error("NO_RESULT", "resource://gre/modules/Region.jsm", 419))
1630116182919	Marionette	INFO	Listening on port 53000
1630116183383	RemoteAgent	WARN	TLS certificate errors will be ignored for this session
1630116200200	Marionette	INFO	Stopped listening on port 53001630116201634	mozrunner::runner	INFO	Running command: "C:\\Program Files (x86)\\Mozilla Firefox\\firefox.exe" "--marionette" "-foreground" "-no-remote" "-profile" "C:\\Users\\SAMSUNG\\AppData\\Local\\Temp\\rust_mozprofilewc534R"
1630116204279	Marionette	INFO	Marionette enabled
console.warn: SearchSettings: "get: No settings file exists, new profile?" (new NotFoundError("Could not open the file at C:\\Users\\SAMSUNG\\AppData\\Local\\Temp\\rust_mozprofilewc534R\\search.json.mozlz4", (void 0)))
console.error: Region.jsm: "Error fetching region" (new TypeError("NetworkError when attempting to fetch resource.", ""))
console.error: Region.jsm: "Failed to fetch region" (new Error("NO_RESULT", "resource://gre/modules/Region.jsm", 419))
1630116219439	Marionette	INFO	Listening on port 53026
1630116220402	RemoteAgent	WARN	TLS certificate errors will be ignored for this session
1630116254595	Marionette	INFO	Stopped listening on port 53021630116256061	mozrunner::runner	INFO	Running command: "C:\\Program Files (x86)\\Mozilla Firefox\\firefox.exe" "--marionette" "-foreground" "-no-remote" "-profile" "C:\\Users\\SAMSUNG\\AppData\\Local\\Temp\\rust_mozprofileEXMhbk"
1630116258917	Marionette	INFO	Marionette enabled
console.warn: SearchSettings: "get: No settings file exists, new profile?" (new NotFoundError("Could not open the file at C:\\Users\\SAMSUNG\\AppData\\Local\\Temp\\rust_mozprofileEXMhbk\\search.json.mozlz4", (void 0)))
console.error: Region.jsm: "Error fetching region" (new TypeError("NetworkError when attempting to fetch resource.", ""))
console.error: Region.jsm: "Failed to fetch region" (new Error("NO_RESULT", "resource://gre/modules/Region.jsm", 419))
1630116274776	Marionette	INFO	Listening on port 53054
1630116275100	RemoteAgent	WARN	TLS certificate errors will be ignored for this session
1630116286154	Marionette	INFO	Stopped listening on port 53054
JavaScript error: resource:///modules/Interactions.jsm, line 209: NS_ERROR_FAILURE: Component returned failure code: 0x80004005 (NS_ERROR_FAILURE) [nsIUserIdleService.removeIdleObserver]
1630116903606	geckodriver	INFO	Listening on 127.0.0.1:53073
1630116906665	mozrunner::runner	INFO	Running command: "C:\\Program Files (x86)\\Mozilla Firefox\\firefox.exe" "--marionette" "-foreground" "-no-remote" "-profile" "C:\\Users\\SAMSUNG\\AppData\\Local\\Temp\\rust_mozprofilepeFrM3"
1630116909049	Marionette	INFO	Marionette enabled
console.warn: SearchSettings: "get: No settings file exists, new profile?" (new NotFoundError("Could not open the file at C:\\Users\\SAMSUNG\\AppData\\Local\\Temp\\rust_mozprofilepeFrM3\\search.json.mozlz4", (void 0)))
console.error: Region.jsm: "Error fetching region" (new TypeError("NetworkError when attempting to fetch resource.", ""))
console.error: Region.jsm: "Failed to fetch region" (new Error("NO_RESULT", "resource://gre/modules/Region.jsm", 419))
1630116923480	Marionette	INFO	Listening on port 53081
1630116924068	RemoteAgent	WARN	TLS certificate errors will be ignored for this session
1630116934945	Marionette	INFO	Stopped listening on port 53081
JavaScript error: resource:///modules/Interactions.jsm, line 209: NS_ERROR_FAILURE: Component returned failure code: 0x80004005 (NS_ERROR_FAILURE) [nsIUserIdleService.removeIdleObserver]
1630117105121	geckodriver	INFO	Listening on 127.0.0.1:53119
1630117108221	mozrunner::runner	INFO	Running command: "C:\\Program Files (x86)\\Mozilla Firefox\\firefox.exe" "--marionette" "-foreground" "-no-remote" "-profile" "C:\\Users\\SAMSUNG\\AppData\\Local\\Temp\\rust_mozprofileUTtDdv"
1630117111144	Marionette	INFO	Marionette enabled
console.warn: SearchSettings: "get: No settings file exists, new profile?" (new NotFoundError("Could not open the file at C:\\Users\\SAMSUNG\\AppData\\Local\\Temp\\rust_mozprofileUTtDdv\\search.json.mozlz4", (void 0)))
console.error: Region.jsm: "Error fetching region" (new TypeError("NetworkError when attempting to fetch resource.", ""))
console.error: Region.jsm: "Failed to fetch region" (new Error("NO_RESULT", "resource://gre/modules/Region.jsm", 419))
1630117126650	Marionette	INFO	Listening on port 53127
1630117127055	RemoteAgent	WARN	TLS certificate errors will be ignored for this session
1630117130405	Marionette	INFO	Stopped listening on port 53127
JavaScript error: resource:///modules/Interactions.jsm, line 209: NS_ERROR_FAILURE: Component returned failure code: 0x80004005 (NS_ERROR_FAILURE) [nsIUserIdleService.removeIdleObserver]
1630117194020	geckodriver	INFO	Listening on 127.0.0.1:53149
1630117197103	mozrunner::runner	INFO	Running command: "C:\\Program Files (x86)\\Mozilla Firefox\\firefox.exe" "--marionette" "-foreground" "-no-remote" "-profile" "C:\\Users\\SAMSUNG\\AppData\\Local\\Temp\\rust_mozprofileJv68QT"
1630117199698	Marionette	INFO	Marionette enabled
console.warn: SearchSettings: "get: No settings file exists, new profile?" (new NotFoundError("Could not open the file at C:\\Users\\SAMSUNG\\AppData\\Local\\Temp\\rust_mozprofileJv68QT\\search.json.mozlz4", (void 0)))
console.error: Region.jsm: "Error fetching region" (new TypeError("NetworkError when attempting to fetch resource.", ""))
console.error: Region.jsm: "Failed to fetch region" (new Error("NO_RESULT", "resource://gre/modules/Region.jsm", 419))
1630117213748	Marionette	INFO	Listening on port 53157
1630117213930	RemoteAgent	WARN	TLS certificate errors will be ignored for this session
1630117217389	Marionette	INFO	Stopped listening on port 53157
JavaScript error: resource:///modules/Interactions.jsm, line 209: NS_ERROR_FAILURE: Component returned failure code: 0x80004005 (NS_ERROR_FAILURE) [nsIUserIdleService.removeIdleObserver]

###!!! [Child][RunMessage] Error: Channel closing: too late to send/recv, messages will be lost


###!!! [Child][RunMessage] Error: Channel closing: too late to send/recv, messages will be lost

1630117244414	geckodriver	INFO	Listening on 127.0.0.1:53175
1630117247516	mozrunner::runner	INFO	Running command: "C:\\Program Files (x86)\\Mozilla Firefox\\firefox.exe" "--marionette" "-foreground" "-no-remote" "-profile" "C:\\Users\\SAMSUNG\\AppData\\Local\\Temp\\rust_mozprofileaSrOV6"
1630117250164	Marionette	INFO	Marionette enabled
console.warn: SearchSettings: "get: No settings file exists, new profile?" (new NotFoundError("Could not open the file at C:\\Users\\SAMSUNG\\AppData\\Local\\Temp\\rust_mozprofileaSrOV6\\search.json.mozlz4", (void 0)))
console.error: Region.jsm: "Error fetching region" (new TypeError("NetworkError when attempting to fetch resource.", ""))
console.error: Region.jsm: "Failed to fetch region" (new Error("NO_RESULT", "resource://gre/modules/Region.jsm", 419))
1630117265315	Marionette	INFO	Listening on port 53183
1630117266041	RemoteAgent	WARN	TLS certificate errors will be ignored for this session
1630117287878	Marionette	INFO	Stopped listening on port 53183
JavaScript error: resource:///modules/Interactions.jsm, line 209: NS_ERROR_FAILURE: Component returned failure code: 0x80004005 (NS_ERROR_FAILURE) [nsIUserIdleService.removeIdleObserver]
1630117298099	geckodriver	INFO	Listening on 127.0.0.1:53203
1630117301169	mozrunner::runner	INFO	Running command: "C:\\Program Files (x86)\\Mozilla Firefox\\firefox.exe" "--marionette" "-foreground" "-no-remote" "-profile" "C:\\Users\\SAMSUNG\\AppData\\Local\\Temp\\rust_mozprofileG5kr86"
1630117303759	Marionette	INFO	Marionette enabled
console.warn: SearchSettings: "get: No settings file exists, new profile?" (new NotFoundError("Could not open the file at C:\\Users\\SAMSUNG\\AppData\\Local\\Temp\\rust_mozprofileG5kr86\\search.json.mozlz4", (void 0)))
console.error: Region.jsm: "Error fetching region" (new TypeError("NetworkError when attempting to fetch resource.", ""))
console.error: Region.jsm: "Failed to fetch region" (new Error("NO_RESULT", "resource://gre/modules/Region.jsm", 419))
1630117317814	Marionette	INFO	Listening on port 53211
1630117318276	RemoteAgent	WARN	TLS certificate errors will be ignored for this session
1630117524864	Marionette	INFO	Stopped listening on port 53211
JavaScript error: resource:///modules/Interactions.jsm, line 209: NS_ERROR_FAILURE: Component returned failure code: 0x80004005 (NS_ERROR_FAILURE) [nsIUserIdleService.removeIdleObserver]
\\Local\\Temp\\rust_mozprofileaG3p74"
1630117391057	Marionette	INFO	Marionette enabled
console.warn: SearchSettings: "get: No settings file exists, new profile?" (new NotFoundError("Could not open the file at C:\\Users\\SAMSUNG\\AppData\\Local\\Temp\\rust_mozprofileaG3p74\\search.json.mozlz4", (void 0)))
console.error: Region.jsm: "Error fetching region" (new TypeError("NetworkError when attempting to fetch resource.", ""))
console.error: Region.jsm: "Failed to fetch region" (new Error("NO_RESULT", "resource://gre/modules/Region.jsm", 419))
1630117406834	Marionette	INFO	Listening on port 53238
1630117407594	RemoteAgent	WARN	TLS certificate errors will be ignored for this session
1630117523850	Marionette	INFO	Stopped listening on port 53238
JavaScript error: resource:///modules/Interactions.jsm, line 209: NS_ERROR_FAILURE: Component returned failure code: 0x80004005 (NS_ERROR_FAILURE) [nsIUserIdleService.removeIdleObserver]
1630117531173	geckodriver	INFO	Listening on 127.0.0.1:53259
1630117534278	mozrunner::runner	INFO	Running command: "C:\\Program Files (x86)\\Mozilla Firefox\\firefox.exe" "--marionette" "-foreground" "-no-remote" "-profile" "C:\\Users\\SAMSUNG\\AppData\\Local\\Temp\\rust_mozprofileOH3wnV"
1630117537047	Marionette	INFO	Marionette enabled
console.warn: SearchSettings: "get: No settings file exists, new profile?" (new NotFoundError("Could not open the file at C:\\Users\\SAMSUNG\\AppData\\Local\\Temp\\rust_mozprofileOH3wnV\\search.json.mozlz4", (void 0)))
console.error: Region.jsm: "Error fetching region" (new TypeError("NetworkError when attempting to fetch resource.", ""))
console.error: Region.jsm: "Failed to fetch region" (new Error("NO_RESULT", "resource://gre/modules/Region.jsm", 419))
1630117550499	Marionette	INFO	Listening on port 53267
1630117550906	RemoteAgent	WARN	TLS certificate errors will be ignored for this session
1630118047161	addons.xpi	ERROR	System addon update list error Error: Failed downloading XML, status: 0, reason: error
1630118172429	Marionette	INFO	Stopped listening on port 53267
JavaScript error: resource:///modules/Interactions.jsm, line 209: NS_ERROR_FAILURE: Component returned failure code: 0x80004005 (NS_ERROR_FAILURE) [nsIUserIdleService.removeIdleObserver]
WARNING: At least one completion condition is taking too long to complete. Conditions: [{"name":"ContentParent: id=1f99e202800","state":{"remoteTypePrefix":"web"},"filename":"/builds/worker/checkouts/gecko/dom/ipc/ContentParent.cpp","lineNumber":3502,"stack":["resource://gre/modules/nsAsyncShutdown.jsm:addBlocker:162","chrome://global/content/elements/browser-custom-element.js:get loadContext:386","chrome://global/content/elements/browser-custom-element.js:construct:1005","chrome://global/content/elements/browser-custom-element.js:connectedCallback:324","chrome://browser/content/tabbrowser.js:_setupInitialBrowserAndTab:408","chrome://browser/content/tabbrowser.js:init:50","chrome://browser/content/browser.js:onDOMContentLoaded:1682"]}] Barrier: profile-before-change
console.error: (new Error("SessionFile is closed", "resource:///modules/sessionstore/SessionFile.jsm", 433))
_ERROR_FAILURE) [nsIUserIdleService.removeIdleObserver]
WARNING: At least one completion condition is taking too long to complete. Conditions: [{"name":"ContentParent: id=1f85a0b5000","state":{"remoteTypePrefix":"web"},"filename":"/builds/worker/checkouts/gecko/dom/ipc/ContentParent.cpp","lineNumber":3502,"stack":["resource://gre/modules/nsAsyncShutdown.jsm:addBlocker:162","chrome://global/content/elements/browser-custom-element.js:get loadContext:386","chrome://global/content/elements/browser-custom-element.js:construct:1005","chrome://global/content/elements/browser-custom-element.js:connectedCallback:324","chrome://browser/content/tabbrowser.js:_setupInitialBrowserAndTab:408","chrome://browser/content/tabbrowser.js:init:50","chrome://browser/content/browser.js:onDOMContentLoaded:1682"]}] Barrier: profile-before-change
console.error: (new Error("SessionFile is closed", "resource:///modules/sessionstore/SessionFile.jsm", 433))
	INFO	Marionette enabled
console.warn: SearchSettings: "get: No settings file exists, new profile?" (new NotFoundError("Could not open the file at C:\\Users\\SAMSUNG\\AppData\\Local\\Temp\\rust_mozprofileJtddez\\search.json.mozlz4", (void 0)))
console.error: Region.jsm: "Error fetching region" (new TypeError("NetworkError when attempting to fetch resource.", ""))
console.error: Region.jsm: "Failed to fetch region" (new Error("NO_RESULT", "resource://gre/modules/Region.jsm", 419))
1630117768469	Marionette	INFO	Listening on port 53346
1630117769204	RemoteAgent	WARN	TLS certificate errors will be ignored for this session
1630118173122	Marionette	INFO	Stopped listening on port 53346
JavaScript error: resource:///modules/Interactions.jsm, line 209: NS_ERROR_FAILURE: Component returned failure code: 0x80004005 (NS_ERROR_FAILURE) [nsIUserIdleService.removeIdleObserver]
WARNING: At least one completion condition is taking too long to complete. Conditions: [console.warn: SearchSettings: "get: No settings file exists, new profile?" (new NotFoundError("Could not open the file at C:\\Users\\SAMSUNG\\AppData\\Local\\Temp\\rust_mozprofileGtlSsm\\search.json.mozlz4", (void 0)))
console.error: Region.jsm: "Error fetching region" (new TypeError("NetworkError when attempting to fetch resource.", ""))
console.error: Region.jsm: "Failed to fetch region" (new Error("NO_RESULT", "resource://gre/modules/Region.jsm", 419))
1630118201112	Marionette	INFO	Listening on port 53375
1630118201415	RemoteAgent	WARN	TLS certificate errors will be ignored for this session
1630118224351	Marionette	INFO	Stopped listening on port 53375
JavaScript error: resource:///modules/Interactions.jsm, line 209: NS_ERROR_FAILURE: Component returned failure code: 0x80004005 (NS_ERROR_FAILURE) [nsIUserIdleService.removeIdleObserver]
is set, shutting down
1630118244095	geckodriver	INFO	Listening on 127.0.0.1:53421
1630118247198	mozrunner::runner	INFO	Running command: "C:\\Program Files (x86)\\Mozilla Firefox\\firefox.exe" "--marionette" "-foreground" "-no-remote" "-profile" "C:\\Users\\SAMSUNG\\AppData\\Local\\Temp\\rust_mozprofilebDo1jC"
1630118249645	Marionette	INFO	Marionette enabled
console.warn: SearchSettings: "get: No settings file exists, new profile?" (new NotFoundError("Could not open the file at C:\\Users\\SAMSUNG\\AppData\\Local\\Temp\\rust_mozprofilebDo1jC\\search.json.mozlz4", (void 0)))
console.error: Region.jsm: "Error fetching region" (new TypeError("NetworkError when attempting to fetch resource.", ""))
console.error: Region.jsm: "Failed to fetch region" (new Error("NO_RESULT", "resource://gre/modules/Region.jsm", 419))
1630118261807	Marionette	INFO	Listening on port 53429
1630118262345	RemoteAgent	WARN	TLS certificate errors will be ignored for this session
1630118468717	Marionette	INFO	Stopped listening on port 53429
JavaScript error: resource:///modules/Interactions.jsm, line 209: NS_ERROR_FAILURE: Component returned failure code: 0x80004005 (NS_ERROR_FAILURE) [nsIUserIdleService.removeIdleObserver]
1630118471718	geckodriver	INFO	Listening on 127.0.0.1:53449
1630118474819	mozrunner::runner	INFO	Running command: "C:\\Program Files (x86)\\Mozilla Firefox\\firefox.exe" "--marionette" "-foreground" "-no-remote" "-profile" "C:\\Users\\SAMSUNG\\AppData\\Local\\Temp\\rust_mozprofilelJ6Cbz"
1630118477335	Marionette	INFO	Marionette enabled
console.warn: SearchSettings: "get: No settings file exists, new profile?" (new NotFoundError("Could not open the file at C:\\Users\\SAMSUNG\\AppData\\Local\\Temp\\rust_mozprofilelJ6Cbz\\search.json.mozlz4", (void 0)))
console.error: Region.jsm: "Error fetching region" (new TypeError("NetworkError when attempting to fetch resource.", ""))
console.error: Region.jsm: "Failed to fetch region" (new Error("NO_RESULT", "resource://gre/modules/Region.jsm", 419))
1630118489418	Marionette	INFO	Listening on port 53457
1630118489678	RemoteAgent	WARN	TLS certificate errors will be ignored for this session
1630118523769	Marionette	INFO	Stopped listening on port 53457
JavaScript error: resource:///modules/Interactions.jsm, line 209: NS_ERROR_FAILURE: Component returned failure code: 0x80004005 (NS_ERROR_FAILURE) [nsIUserIdleService.removeIdleObserver]
\\Local\\Temp\\rust_mozprofilezv4tMG"
1630118516809	Marionette	INFO	Marionette enabled
console.warn: SearchSettings: "get: No settings file exists, new profile?" (new NotFoundError("Could not open the file at C:\\Users\\SAMSUNG\\AppData\\Local\\Temp\\rust_mozprofilezv4tMG\\search.json.mozlz4", (void 0)))
console.error: Region.jsm: "Error fetching region" (new TypeError("NetworkError when attempting to fetch resource.", ""))
console.error: Region.jsm: "Failed to fetch region" (new Error("NO_RESULT", "resource://gre/modules/Region.jsm", 419))
1630118534487	Marionette	INFO	Listening on port 53483
1630118534934	RemoteAgent	WARN	TLS certificate errors will be ignored for this session
1630118543338	Marionette	INFO	Stopped listening on port 53483
JavaScript error: resource:///modules/Interactions.jsm, line 209: NS_ERROR_FAILURE: Component returned failure code: 0x80004005 (NS_ERROR_FAILURE) [nsIUserIdleService.removeIdleObserver]

###!!! [Parent][RunMessage] Error: Channel closing: too late to send/recv, messages will be lost

1630119144223	geckodriver	INFO	Listening on 127.0.0.1:53503
1630119147342	mozrunner::runner	INFO	Running command: "C:\\Program Files (x86)\\Mozilla Firefox\\firefox.exe" "--marionette" "-foreground" "-no-remote" "-profile" "C:\\Users\\SAMSUNG\\AppData\\Local\\Temp\\rust_mozprofilewTtfru"
1630119150599	Marionette	INFO	Marionette enabled
console.warn: SearchSettings: "get: No settings file exists, new profile?" (new NotFoundError("Could not open the file at C:\\Users\\SAMSUNG\\AppData\\Local\\Temp\\rust_mozprofilewTtfru\\search.json.mozlz4", (void 0)))
console.error: Region.jsm: "Error fetching region" (new TypeError("NetworkError when attempting to fetch resource.", ""))
console.error: Region.jsm: "Failed to fetch region" (new Error("NO_RESULT", "resource://gre/modules/Region.jsm", 419))
1630119166978	Marionette	INFO	Listening on port 53511
1630119167364	RemoteAgent	WARN	TLS certificate errors will be ignored for this session
IPDL protocol error: Handler returned error code!

###!!! [Parent][DispatchAsyncMessage] Error: PClientManager::Msg_ExpectFutureClientSource Processing error: message was deserialized, but the handler returned false (indicating failure)

IPDL protocol error: Handler returned error code!

###!!! [Parent][DispatchAsyncMessage] Error: PClientManager::Msg_ForgetFutureClientSource Processing error: message was deserialized, but the handler returned false (indicating failure)

1630119660713	addons.xpi	ERROR	System addon update list error Error: Failed downloading XML, status: 0, reason: error
1630119814187	Marionette	INFO	Stopped listening on port 53511
JavaScript error: resource:///modules/Interactions.jsm, line 209: NS_ERROR_FAILURE: Component returned failure code: 0x80004005 (NS_ERROR_FAILURE) [nsIUserIdleService.removeIdleObserver]
\\Local\\Temp\\rust_mozprofileFCQiHj"
1630119816708	Marionette	INFO	Marionette enabled
console.warn: SearchSettings: "get: No settings file exists, new profile?" (new NotFoundError("Could not open the file at C:\\Users\\SAMSUNG\\AppData\\Local\\Temp\\rust_mozprofileFCQiHj\\search.json.mozlz4", (void 0)))
console.error: Region.jsm: "Error fetching region" (new TypeError("NetworkError when attempting to fetch resource.", ""))
console.error: Region.jsm: "Failed to fetch region" (new Error("NO_RESULT", "resource://gre/modules/Region.jsm", 419))
1630119830433	Marionette	INFO	Listening on port 53540
1630119830716	RemoteAgent	WARN	TLS certificate errors will be ignored for this session
1630119865299	Marionette	INFO	Stopped listening on port 53541630119866572	mozrunner::runner	INFO	Running command: "C:\\Program Files (x86)\\Mozilla Firefox\\firefox.exe" "--marionette" "-foreground" "-no-remote" "-profile" "C:\\Users\\SAMSUNG\\AppData\\Local\\Temp\\rust_mozprofile4FHBNx"
1630119869271	Marionette	INFO	Marionette enabled
console.warn: SearchSettings: "get: No settings file exists, new profile?" (new NotFoundError("Could not open the file at C:\\Users\\SAMSUNG\\AppData\\Local\\Temp\\rust_mozprofile4FHBNx\\search.json.mozlz4", (void 0)))
console.error: Region.jsm: "Error fetching region" (new TypeError("NetworkError when attempting to fetch resource.", ""))
console.error: Region.jsm: "Failed to fetch region" (new Error("NO_RESULT", "resource://gre/modules/Region.jsm", 419))
1630119883547	Marionette	INFO	Listening on port 53566
1630119883874	RemoteAgent	WARN	TLS certificate errors will be ignored for this session
1630119908957	Marionette	INFO	Stopped listening on port 53566
JavaScript error: resource:///modules/Interactions.jsm, line 209: NS_ERROR_FAILURE: Component returned failure code: 0x80004005 (NS_ERROR_FAILURE) [nsIUserIdleService.removeIdleObserver]
\\Local\\Temp\\rust_mozprofilesocT6o"
1630119905074	Marionette	INFO	Marionette enabled
console.warn: SearchSettings: "get: No settings file exists, new profile?" (new NotFoundError("Could not open the file at C:\\Users\\SAMSUNG\\AppData\\Local\\Temp\\rust_mozprofilesocT6o\\search.json.mozlz4", (void 0)))
console.error: Region.jsm: "Error fetching region" (new TypeError("NetworkError when attempting to fetch resource.", ""))
console.error: Region.jsm: "Failed to fetch region" (new Error("NO_RESULT", "resource://gre/modules/Region.jsm", 419))
1630119924954	Marionette	INFO	Listening on port 53592
1630119925331	RemoteAgent	WARN	TLS certificate errors will be ignored for this session
1630120054956	Marionette	INFO	Stopped listening on port 53592
JavaScript error: resource:///modules/Interactions.jsm, line 209: NS_ERROR_FAILURE: Component returned failure code: 0x80004005 (NS_ERROR_FAILURE) [nsIUserIdleService.removeIdleObserver]
\\Local\\Temp\\rust_mozprofileCmePPI"
1630119995547	Marionette	INFO	Marionette enabled
console.warn: SearchSettings: "get: No settings file exists, new profile?" (new NotFoundError("Could not open the file at C:\\Users\\SAMSUNG\\AppData\\Local\\Temp\\rust_mozprofileCmePPI\\search.json.mozlz4", (void 0)))
console.error: Region.jsm: "Error fetching region" (new TypeError("NetworkError when attempting to fetch resource.", ""))
console.error: Region.jsm: "Failed to fetch region" (new Error("NO_RESULT", "resource://gre/modules/Region.jsm", 419))
1630120008270	Marionette	INFO	Listening on port 53623
1630120008428	RemoteAgent	WARN	TLS certificate errors will be ignored for this session
1630120053811	Marionette	INFO	Stopped listening on port 53621630120054490	mozrunner::runner	INFO	Running command: "C:\\Program Files (x86)\\Mozilla Firefox\\firefox.exe" "--marionette" "-foreground" "-no-remote" "-profile" "C:\\Users\\SAMSUNG\\AppData*** UTM:SVC TimerManager:registerTimer1630120057772	Marionette	INFO	Marionette enabled
console.warn: SearchSettings: "get: No settings file exists, new profile?" (new NotFoundError("Could not open the file at C:\\Users\\SAMSUNG\\AppData\\Local\\Temp\\rust_mozprofileVnPAR7\\search.json.mozlz4", (void 0)))
console.error: Region.jsm: "Error fetching region" (new TypeError("NetworkError when attempting to fetch resource.", ""))
console.error: Region.jsm: "Failed to fetch region" (new Error("NO_RESULT", "resource://gre/modules/Region.jsm", 419))
1630120072300	Marionette	INFO	Listening on port 53649
1630120072881	RemoteAgent	WARN	TLS certificate errors will be ignored for this session
1630120124881	Marionette	INFO	Stopped listening on port 53649
JavaScript error: resource:///modules/Interactions.jsm, line 209: NS_ERROR_FAILURE: Component returned failure code: 0x80004005 (NS_ERROR_FAILURE) [nsIUserIdleService.removeIdleObserver]
1630120125824	geckodriver	INFO	Listening on 127.0.0.1:53668
1630120128876	mozrunner::runner	INFO	Running command: "C:\\Program Files (x86)\\Mozilla Firefox\\firefox.exe" "--marionette" "-foreground" "-no-remote" "-profile" "C:\\Users\\SAMSUNG\\AppData\\Local\\Temp\\rust_mozprofileFwDUZC"
1630120131593	Marionette	INFO	Marionette enabled
console.warn: SearchSettings: "get: No settings file exists, new profile?" (new NotFoundError("Could not open the file at C:\\Users\\SAMSUNG\\AppData\\Local\\Temp\\rust_mozprofileFwDUZC\\search.json.mozlz4", (void 0)))
console.error: Region.jsm: "Error fetching region" (new TypeError("NetworkError when attempting to fetch resource.", ""))
console.error: Region.jsm: "Failed to fetch region" (new Error("NO_RESULT", "resource://gre/modules/Region.jsm", 419))
1630120145041	Marionette	INFO	Listening on port 53676
1630120145544	RemoteAgent	WARN	TLS certificate errors will be ignored for this session
1630120174803	Marionette	INFO	Stopped listening on port 53676
JavaScript error: resource:///modules/Interactions.jsm, line 209: NS_ERROR_FAILURE: Component returned failure code: 0x80004005 (NS_ERROR_FAILURE) [nsIUserIdleService.removeIdleObserver]
1630120175605	geckodriver	INFO	Listening on 127.0.0.1:53696
1630120178687	mozrunner::runner	INFO	Running command: "C:\\Program Files (x86)\\Mozilla Firefox\\firefox.exe" "--marionette" "-foreground" "-no-remote" "-profile" "C:\\Users\\SAMSUNG\\AppData\\Local\\Temp\\rust_mozprofile8YZAoH"
1630120181017	Marionette	INFO	Marionette enabled
console.warn: SearchSettings: "get: No settings file exists, new profile?" (new NotFoundError("Could not open the file at C:\\Users\\SAMSUNG\\AppData\\Local\\Temp\\rust_mozprofile8YZAoH\\search.json.mozlz4", (void 0)))
console.error: Region.jsm: "Error fetching region" (new TypeError("NetworkError when attempting to fetch resource.", ""))
console.error: Region.jsm: "Failed to fetch region" (new Error("NO_RESULT", "resource://gre/modules/Region.jsm", 419))
1630120194241	Marionette	INFO	Listening on port 53704
1630120194609	RemoteAgent	WARN	TLS certificate errors will be ignored for this session
1630120403234	Marionette	INFO	Stopped listening on port 53704
JavaScript error: resource:///modules/Interactions.jsm, line 209: NS_ERROR_FAILURE: Component returned failure code: 0x80004005 (NS_ERROR_FAILURE) [nsIUserIdleService.removeIdleObserver]
1630120404244	geckodriver	INFO	Listening on 127.0.0.1:53723
1630120407337	mozrunner::runner	INFO	Running command: "C:\\Program Files (x86)\\Mozilla Firefox\\firefox.exe" "--marionette" "-foreground" "-no-remote" "-profile" "C:\\Users\\SAMSUNG\\AppData\\Local\\Temp\\rust_mozprofileBaFQG4"
1630120409803	Marionette	INFO	Marionette enabled
console.warn: SearchSettings: "get: No settings file exists, new profile?" (new NotFoundError("Could not open the file at C:\\Users\\SAMSUNG\\AppData\\Local\\Temp\\rust_mozprofileBaFQG4\\search.json.mozlz4", (void 0)))
console.error: Region.jsm: "Error fetching region" (new TypeError("NetworkError when attempting to fetch resource.", ""))
console.error: Region.jsm: "Failed to fetch region" (new Error("NO_RESULT", "resource://gre/modules/Region.jsm", 419))
1630120423289	Marionette	INFO	Listening on port 53731
1630120423833	RemoteAgent	WARN	TLS certificate errors will be ignored for this session
1630120467547	Marionette	INFO	Stopped listening on port 53731
JavaScript error: resource:///modules/Interactions.jsm, line 209: NS_ERROR_FAILURE: Component returned failure code: 0x80004005 (NS_ERROR_FAILURE) [nsIUserIdleService.removeIdleObserver]
*** UTM:SVC TimerManager:registerTimer called after profile-before-change notification. console.warn: SearchSettings: "get: No settings file exists, new profile?" (new NotFoundError("Could not open the file at C:\\Users\\SAMSUNG\\AppData\\Local\\Temp\\rust_mozprofileWHthlU\\search.json.mozlz4", (void 0)))
console.error: Region.jsm: "Error fetching region" (new TypeError("NetworkError when attempting to fetch resource.", ""))
console.error: Region.jsm: "Failed to fetch region" (new Error("NO_RESULT", "resource://gre/modules/Region.jsm", 419))
1630120480641	Marionette	INFO	Listening on port 53757
1630120480783	RemoteAgent	WARN	TLS certificate errors will be ignored for this session
IPDL protocol error: Handler returned error code!

###!!! [Parent][DispatchAsyncMessage] Error: PClientManager::Msg_ExpectFutureClientSource Processing error: message was deserialized, but the handler returned false (indicating failure)

IPDL protocol error: Handler returned error code!

###!!! [Parent][DispatchAsyncMessage] Error: PClientManager::Msg_ForgetFutureClientSource Processing error: message was deserialized, but the handler returned false (indicating failure)

IPDL protocol error: Handler returned error code!

###!!! [Parent][DispatchAsyncMessage] Error: PClientManager::Msg_ExpectFutureClientSource Processing error: message was deserialized, but the handler returned false (indicating failure)

IPDL protocol error: Handler returned error code!

###!!! [Parent][DispatchAsyncMessage] Error: PClientManager::Msg_ForgetFutureClientSource Processing error: message was deserialized, but the handler returned false (indicating failure)

JavaScript error: resource://devtools/client/framework/toolbox.js, line 1941: TypeError: currentPanel is undefined
1630120525615	Marionette	INFO	Stopped listening on port 53751630120526002	mozrunner::runner	INFO	Running command: "C:\\Program Files (x86)\\Mozilla Firefox\\firefox.exe" "--marionette" "-foreground" "-no-remote" "-profile" "C:\\Users\\SAMSUNG\\AppData\\Local\\Temp\\rust_mozprofileLfRoZC"
1630120529934	Marionette	INFO	Marionette enabled
console.warn: SearchSettings: "get: No settings file exists, new profile?" (new NotFoundError("Could not open the file at C:\\Users\\SAMSUNG\\AppData\\Local\\Temp\\rust_mozprofileLfRoZC\\search.json.mozlz4", (void 0)))
console.error: Region.jsm: "Error fetching region" (new TypeError("NetworkError when attempting to fetch resource.", ""))
console.error: Region.jsm: "Failed to fetch region" (new Error("NO_RESULT", "resource://gre/modules/Region.jsm", 419))
1630120545246	Marionette	INFO	Listening on port 53786
1630120545810	RemoteAgent	WARN	TLS certificate errors will be ignored for this session
console.warn: "Resource  of root-node was not found."
console.warn: "Resource  of root-node was not found."
console.warn: "Resource  of root-node was not found."
console.warn: "Resource  of root-node was not found."
console.warn: "Resource  of root-node was not found."
JavaScript error: resource://gre/modules/Prompter.jsm, line 1116: AbortError: Actor 'Prompt' destroyed before query 'Prompt:Open' was resolved
console.warn: "Resource  of root-node was not found."
console.warn: "Resource  of root-node was not found."
console.warn: "Resource  of root-node was not found."
console.warn: "Resource  of root-node was not found."
console.warn: "Resource  of root-node was not found."
1630121040029	addons.xpi	ERROR	System addon update list error Error: Failed downloading XML, status: 0, reason: error
1630121179062	Marionette	INFO	Stopped listening on port 53786
JavaScript error: resource:///modules/Interactions.jsm, line 209: NS_ERROR_FAILURE: Component returned failure code: 0x80004005 (NS_ERROR_FAILURE) [nsIUserIdleService.removeIdleObserver]
\\Local\\Temp\\rust_mozprofilewu25C6"
1630121124961	Marionette	INFO	Marionette enabled
console.warn: SearchSettings: "get: No settings file exists, new profile?" (new NotFoundError("Could not open the file at C:\\Users\\SAMSUNG\\AppData\\Local\\Temp\\rust_mozprofilewu25C6\\search.json.mozlz4", (void 0)))
console.error: Region.jsm: "Error fetching region" (new TypeError("NetworkError when attempting to fetch resource.", ""))
console.error: Region.jsm: "Failed to fetch region" (new Error("NO_RESULT", "resource://gre/modules/Region.jsm", 419))
1630121140007	Marionette	INFO	Listening on port 53822
1630121140446	RemoteAgent	WARN	TLS certificate errors will be ignored for this session
1630121177630	Marionette	INFO	Stopped listening on port 53821630121180132	mozrunner::runner	INFO	Running command: "C:\\Program Files (x86)\\Mozilla Firefox\\firefox.exe" "--marionette" "-foreground" "-no-remote" "-profile" "C:\\Users\\SAMSUNG\\AppDataJavaScript error: resource://gre/modul1630121182949	Marionette	INFO	Marionette enabled
console.warn: SearchSettings: "get: No settings file exists, new profile?" (new NotFoundError("Could not open the file at C:\\Users\\SAMSUNG\\AppData\\Local\\Temp\\rust_mozprofilemlAG8A\\search.json.mozlz4", (void 0)))
console.error: Region.jsm: "Error fetching region" (new TypeError("NetworkError when attempting to fetch resource.", ""))
console.error: Region.jsm: "Failed to fetch region" (new Error("NO_RESULT", "resource://gre/modules/Region.jsm", 419))
1630121197948	Marionette	INFO	Listening on port 53849
1630121198373	RemoteAgent	WARN	TLS certificate errors will be ignored for this session
1630121479984	Marionette	INFO	Stopped listening on port 53849
JavaScript error: resource:///modules/Interactions.jsm, line 209: NS_ERROR_FAILURE: Component returned failure code: 0x80004005 (NS_ERROR_FAILURE) [nsIUserIdleService.removeIdleObserver]
1630121483115	geckodriver	INFO	Listening on 127.0.0.1:53868
1630121486205	mozrunner::runner	INFO	Running command: "C:\\Program Files (x86)\\Mozilla Firefox\\firefox.exe" "--marionette" "-foreground" "-no-remote" "-profile" "C:\\Users\\SAMSUNG\\AppData\\Local\\Temp\\rust_mozprofileQQS3Gn"
1630121488646	Marionette	INFO	Marionette enabled
console.warn: SearchSettings: "get: No settings file exists, new profile?" (new NotFoundError("Could not open the file at C:\\Users\\SAMSUNG\\AppData\\Local\\Temp\\rust_mozprofileQQS3Gn\\search.json.mozlz4", (void 0)))
console.error: Region.jsm: "Error fetching region" (new TypeError("NetworkError when attempting to fetch resource.", ""))
console.error: Region.jsm: "Failed to fetch region" (new Error("NO_RESULT", "resource://gre/modules/Region.jsm", 419))
1630121500874	Marionette	INFO	Listening on port 53876
1630121501295	RemoteAgent	WARN	TLS certificate errors will be ignored for this session
1630121606519	Marionette	INFO	Stopped listening on port 53876
JavaScript error: resource:///modules/Interactions.jsm, line 209: NS_ERROR_FAILURE: Component returned failure code: 0x80004005 (NS_ERROR_FAILURE) [nsIUserIdleService.removeIdleObserver]
\\Local\\Temp\\rust_mozprofileS6klEI"
1630121548320	Marionette	INFO	Marionette enabled
console.warn: SearchSettings: "get: No settings file exists, new profile?" (new NotFoundError("Could not open the file at C:\\Users\\SAMSUNG\\AppData\\Local\\Temp\\rust_mozprofileS6klEI\\search.json.mozlz4", (void 0)))
console.error: Region.jsm: "Error fetching region" (new TypeError("NetworkError when attempting to fetch resource.", ""))
console.error: Region.jsm: "Failed to fetch region" (new Error("NO_RESULT", "resource://gre/modules/Region.jsm", 419))
1630121563151	Marionette	INFO	Listening on port 53902
1630121563709	RemoteAgent	WARN	TLS certificate errors will be ignored for this session
1630121604827	geckodriver	INFO	Listening on 127.0.0.1:53921
1630121607739	mozrunner::runner	INFO	Running command: "C:\\Program Files (x86)\\Mozilla Firefox\\firefox.exe" "--marionette" "-foreground" "-no-remote" "-profile" "C:\\Users\\SAMSUNG\\AppData*** UTM:SVC TimerManager:registerTimer1630121613272	Marionette	INFO	Marionette enabled
console.warn: SearchSettings: "get: No settings file exists, new profile?" (new NotFoundError("Could not open the file at C:\\Users\\SAMSUNG\\AppData\\Local\\Temp\\rust_mozprofileK1tIH0\\search.json.mozlz4", (void 0)))
console.error: Region.jsm: "Error fetching region" (new TypeError("NetworkError when attempting to fetch resource.", ""))
console.error: Region.jsm: "Failed to fetch region" (new Error("NO_RESULT", "resource://gre/modules/Region.jsm", 419))
1630121627879	Marionette	INFO	Listening on port 53929
1630121628372	RemoteAgent	WARN	TLS certificate errors will be ignored for this session
1630121883682	Marionette	INFO	Stopped listening on port 53929
JavaScript error: resource:///modules/Interactions.jsm, line 209: NS_ERROR_FAILURE: Component returned failure code: 0x80004005 (NS_ERROR_FAILURE) [nsIUserIdleService.removeIdleObserver]
\\Local\\Temp\\rust_mozprofileBWK0m7"
1630121648491	Marionette	INFO	Marionette enabled
console.warn: SearchSettings: "get: No settings file exists, new profile?" (new NotFoundError("Could not open the file at C:\\Users\\SAMSUNG\\AppData\\Local\\Temp\\rust_mozprofileBWK0m7\\search.json.mozlz4", (void 0)))
console.error: Region.jsm: "Error fetching region" (new TypeError("NetworkError when attempting to fetch resource.", ""))
console.error: Region.jsm: "Failed to fetch region" (new Error("NO_RESULT", "resource://gre/modules/Region.jsm", 419))
1630121662527	Marionette	INFO	Listening on port 53957
1630121663159	RemoteAgent	WARN	TLS certificate errors will be ignored for this session
1630121883628	Marionette	INFO	Stopped listening on port 53957
JavaScript error: resource:///modules/Interactions.jsm, line 209: NS_ERROR_FAILURE: Component returned failure code: 0x80004005 (NS_ERROR_FAILURE) [nsIUserIdleService.removeIdleObserver]
